2023-10-26T03:04:52.999Z [44360] - [32minfo[39m: NodeBB Setup Triggered via Command Line
2023-10-26T03:04:59.462Z [44360] - [32minfo[39m: 
Now configuring redis database:
2023-10-26T03:05:04.578Z [44360] - [36mverbose[39m: [minifier] utilizing a maximum of 7 additional threads
2023-10-26T03:05:28.027Z [44615] - [32minfo[39m: NodeBB Setup Triggered via Command Line
2023-10-26T03:05:32.434Z [44615] - [32minfo[39m: 
Now configuring redis database:
2023-10-26T03:05:36.794Z [44615] - [36mverbose[39m: [minifier] utilizing a maximum of 7 additional threads
2023-10-26T03:05:36.804Z [44615] - [33mwarn[39m: [cache-buster] could not read cache buster ENOENT: no such file or directory, open '/home/haok/Desktop/fall23-nodebb-softwear/build/cache-buster' {"code":"ENOENT","errno":-2,"path":"/home/haok/Desktop/fall23-nodebb-softwear/build/cache-buster","stack":"Error: ENOENT: no such file or directory, open '/home/haok/Desktop/fall23-nodebb-softwear/build/cache-buster'","syscall":"open"}
2023-10-26T03:05:36.871Z [44615] - [33mwarn[39m: No administrators have been detected, running initial user setup

2023-10-26T03:06:06.530Z [44615] - [36mverbose[39m: [UserReset.cleanByUid] No tokens found for uid (1).
2023-10-26T03:06:06.557Z [44615] - [32minfo[39m: [install/defaultPlugins] customDefaults undefined
2023-10-26T03:06:06.557Z [44615] - [32minfo[39m: [install/enableDefaultPlugins] activating default plugins {"0":"nodebb-plugin-composer-default","1":"nodebb-plugin-markdown","2":"nodebb-plugin-mentions","3":"nodebb-widget-essentials","4":"nodebb-rewards-essentials","5":"nodebb-plugin-emoji","6":"nodebb-plugin-emoji-android"}
2023-10-26T03:06:06.558Z [44615] - [31merror[39m: Cannot copy favicon.ico
Error: ENOENT: no such file or directory, copyfile '/home/haok/Desktop/fall23-nodebb-softwear/public/favicon.ico' -> 'public/uploads/system/favicon.ico'
2023-10-26T03:06:06.625Z [44615] - [36mverbose[39m: [build] Querying CPU core count for build strategy
2023-10-26T03:06:06.626Z [44615] - [36mverbose[39m: [build] System returned 8 cores, opting for parallel build strategy
2023-10-26T03:06:06.626Z [44615] - [36mverbose[39m: [build] building the following targets: plugin static dirs, requirejs modules, client js bundle, admin js bundle, client side styles, admin control panel styles, templates, languages
2023-10-26T03:06:06.629Z [44615] - [36mverbose[39m: [plugins] loading the following fields from plugin data: staticDirs, modules, clientScripts, acpScripts, cssFiles, lessFiles, acpLessFiles, languageData
2023-10-26T03:06:06.632Z [44615] - [36mverbose[39m: [plugins] Found 1 less file(s) for plugin nodebb-plugin-composer-default
2023-10-26T03:06:06.632Z [44615] - [36mverbose[39m: [plugins] Found 1 less file(s) for plugin nodebb-plugin-markdown
2023-10-26T03:06:06.633Z [44615] - [36mverbose[39m: [plugins] Found 1 css file(s) for plugin nodebb-widget-essentials
2023-10-26T03:06:06.633Z [44615] - [36mverbose[39m: [plugins] Found 1 less file(s) for plugin nodebb-plugin-emoji
2023-10-26T03:06:06.633Z [44615] - [36mverbose[39m: [plugins] Found 1 acpLess file(s) for plugin nodebb-plugin-emoji
2023-10-26T03:06:06.633Z [44615] - [36mverbose[39m: [plugins] Found 12 AMD-style module(s) for plugin nodebb-plugin-composer-default
2023-10-26T03:06:06.634Z [44615] - [36mverbose[39m: [plugins] Found 1 AMD-style module(s) for plugin nodebb-plugin-markdown
2023-10-26T03:06:06.634Z [44615] - [36mverbose[39m: [plugins] Found 1 js file(s) for plugin nodebb-plugin-markdown
2023-10-26T03:06:06.634Z [44615] - [36mverbose[39m: [plugins] Found 1 AMD-style module(s) for plugin nodebb-plugin-mentions
2023-10-26T03:06:06.634Z [44615] - [36mverbose[39m: [plugins] Found 1 js file(s) for plugin nodebb-plugin-mentions
2023-10-26T03:06:06.634Z [44615] - [36mverbose[39m: [plugins] Found 1 js file(s) for plugin nodebb-rewards-essentials
2023-10-26T03:06:06.634Z [44615] - [36mverbose[39m: [plugins] Found 5 AMD-style module(s) for plugin nodebb-plugin-emoji
2023-10-26T03:06:06.634Z [44615] - [36mverbose[39m: [plugins] Found 1 js file(s) for plugin nodebb-plugin-emoji
2023-10-26T03:06:06.635Z [44615] - [36mverbose[39m: [plugins] Found 1 js file(s) for plugin nodebb-plugin-emoji
2023-10-26T03:06:06.635Z [44615] - [36mverbose[39m: [plugins] found 1 static directories for nodebb-rewards-essentials
2023-10-26T03:06:06.635Z [44615] - [36mverbose[39m: [plugins] found 1 static directories for nodebb-plugin-emoji
2023-10-26T03:06:06.636Z [44615] - [36mverbose[39m: [plugins] Found 2 js file(s) for plugin nodebb-plugin-composer-default
2023-10-26T03:06:06.636Z [44615] - [36mverbose[39m: [plugins] found 1 static directories for nodebb-plugin-markdown
2023-10-26T03:06:06.638Z [44615] - [32minfo[39m: [build] Building in parallel mode
2023-10-26T03:06:06.638Z [44615] - [32minfo[39m: [build] Building TypeScript files
2023-10-26T03:06:09.306Z [44615] - [32minfo[39m: [build] TypeScript building complete
2023-10-26T03:06:09.306Z [44615] - [32minfo[39m: [build]         plugin static dirs  build started
2023-10-26T03:06:09.307Z [44615] - [32minfo[39m: [build]          requirejs modules  build started
2023-10-26T03:06:09.308Z [44615] - [32minfo[39m: [build]           client js bundle  build started
2023-10-26T03:06:09.308Z [44615] - [32minfo[39m: [build]            admin js bundle  build started
2023-10-26T03:06:09.308Z [44615] - [32minfo[39m: [build]         client side styles  build started
2023-10-26T03:06:09.308Z [44615] - [32minfo[39m: [build] admin control panel styles  build started
2023-10-26T03:06:09.309Z [44615] - [32minfo[39m: [build]                  templates  build started
2023-10-26T03:06:09.309Z [44615] - [32minfo[39m: [build]                  languages  build started
2023-10-26T03:06:09.438Z [44615] - [32minfo[39m: [build]         plugin static dirs  build completed in 0.131sec
2023-10-26T03:06:10.167Z [44615] - [32minfo[39m: [build]            admin js bundle  build completed in 0.859sec
2023-10-26T03:06:10.168Z [44615] - [32minfo[39m: [build]           client js bundle  build completed in 0.86sec
2023-10-26T03:06:10.852Z [44615] - [32minfo[39m: [build]                  languages  build completed in 1.543sec
2023-10-26T03:06:11.021Z [44615] - [36mverbose[39m: [meta/templates] Successfully compiled templates.
2023-10-26T03:06:11.021Z [44615] - [32minfo[39m: [build]                  templates  build completed in 1.712sec
2023-10-26T03:06:11.048Z [44615] - [32minfo[39m: [build]          requirejs modules  build completed in 1.741sec
2023-10-26T03:06:11.049Z [44615] - [32minfo[39m: [build] Bundling with Webpack.
2023-10-26T03:06:12.363Z [44615] - [32minfo[39m: [build]         client side styles  build completed in 3.055sec
2023-10-26T03:06:12.363Z [44615] - [32minfo[39m: [build] admin control panel styles  build completed in 3.055sec
2023-10-26T03:06:14.188Z [44615] - [32minfo[39m: [build] Asset compilation successful. Completed in 7.55sec.
